2025-01-08 01:10:18.178 [info] Extension host with pid 1770 started
2025-01-08 01:10:18.178 [info] Skipping acquiring lock for /home/craacky/.config/Code/User/workspaceStorage/7a3770d8ca3893b440bb02ed543af8c7.
2025-01-08 01:10:18.381 [info] ExtensionService#_doActivateExtension vscode.github-authentication, startup: false, activationEvent: 'onAuthenticationRequest:github'
2025-01-08 01:10:18.414 [info] ExtensionService#_doActivateExtension vscode.emmet, startup: false, activationEvent: 'onLanguage'
2025-01-08 01:10:18.435 [info] ExtensionService#_doActivateExtension vscode.configuration-editing, startup: false, activationEvent: 'onLanguage:jsonc'
2025-01-08 01:10:18.446 [info] ExtensionService#_doActivateExtension vscode.json-language-features, startup: false, activationEvent: 'onLanguage:jsonc'
2025-01-08 01:10:18.499 [info] ExtensionService#_doActivateExtension vscode.typescript-language-features, startup: false, activationEvent: 'onLanguage:jsonc'
2025-01-08 01:10:18.806 [info] ExtensionService#_doActivateExtension vscode.git-base, startup: true, activationEvent: '*', root cause: vscode.git
2025-01-08 01:10:18.808 [info] ExtensionService#_doActivateExtension formulahendry.auto-rename-tag, startup: true, activationEvent: '*'
2025-01-08 01:10:18.834 [info] ExtensionService#_doActivateExtension jeroen-meijer.pubspec-assist, startup: true, activationEvent: '*'
2025-01-08 01:10:18.874 [info] ExtensionService#_doActivateExtension mhutchie.git-graph, startup: true, activationEvent: '*'
2025-01-08 01:10:18.894 [info] ExtensionService#_doActivateExtension nickdodd79.gulptasks, startup: true, activationEvent: '*'
2025-01-08 01:10:19.092 [info] ExtensionService#_doActivateExtension vscode.git, startup: true, activationEvent: '*'
2025-01-08 01:10:19.153 [info] ExtensionService#_doActivateExtension vscode.github, startup: true, activationEvent: '*'
2025-01-08 01:10:19.252 [info] ExtensionService#_doActivateExtension PrateekMahendrakar.prettyxml, startup: true, activationEvent: 'workspaceContains:**/*.xml,**/*.xaml'
2025-01-08 01:10:19.274 [info] Eager extensions activated
2025-01-08 01:10:19.302 [info] ExtensionService#_doActivateExtension vscode.debug-auto-launch, startup: false, activationEvent: 'onStartupFinished'
2025-01-08 01:10:19.306 [info] ExtensionService#_doActivateExtension vscode.merge-conflict, startup: false, activationEvent: 'onStartupFinished'
2025-01-08 01:10:19.325 [info] ExtensionService#_doActivateExtension Catppuccin.catppuccin-vsc, startup: false, activationEvent: 'onStartupFinished'
2025-01-08 01:10:19.331 [info] ExtensionService#_doActivateExtension Catppuccin.catppuccin-vsc-icons, startup: false, activationEvent: 'onStartupFinished'
2025-01-08 01:10:19.412 [info] ExtensionService#_doActivateExtension dbaeumer.vscode-eslint, startup: false, activationEvent: 'onStartupFinished'
2025-01-08 01:10:19.441 [info] ExtensionService#_doActivateExtension eamodio.gitlens, startup: false, activationEvent: 'onStartupFinished'
2025-01-08 01:10:19.555 [info] ExtensionService#_doActivateExtension Equinusocio.vsc-material-theme, startup: false, activationEvent: 'onStartupFinished'
2025-01-08 01:10:19.568 [info] ExtensionService#_doActivateExtension equinusocio.vsc-material-theme-icons, startup: false, activationEvent: 'onStartupFinished'
2025-01-08 01:10:19.620 [info] ExtensionService#_doActivateExtension esbenp.prettier-vscode, startup: false, activationEvent: 'onStartupFinished'
2025-01-08 01:10:19.685 [info] ExtensionService#_doActivateExtension Gruntfuggly.todo-tree, startup: false, activationEvent: 'onStartupFinished'
2025-01-08 01:10:19.723 [info] ExtensionService#_doActivateExtension ms-dotnettools.vscode-dotnet-runtime, startup: false, activationEvent: 'onStartupFinished'
2025-01-08 01:10:19.778 [info] ExtensionService#_doActivateExtension naumovs.color-highlight, startup: false, activationEvent: 'onStartupFinished'
2025-01-08 01:10:19.786 [info] ExtensionService#_doActivateExtension PKief.material-icon-theme, startup: false, activationEvent: 'onStartupFinished'
2025-01-08 01:10:19.798 [info] ExtensionService#_doActivateExtension usernamehw.errorlens, startup: false, activationEvent: 'onStartupFinished'
2025-01-08 01:10:19.804 [info] ExtensionService#_doActivateExtension vscode-icons-team.vscode-icons, startup: false, activationEvent: 'onStartupFinished'
2025-01-08 01:10:20.135 [warning] Illegal argument: TextEditor(vs.editor.ICodeEditor:1,$model1)
2025-01-08 01:10:20.135 [warning] Illegal argument: TextEditor(vs.editor.ICodeEditor:1,$model1)
2025-01-08 01:10:20.135 [warning] Illegal argument: TextEditor(vs.editor.ICodeEditor:1,$model1)
2025-01-08 01:10:20.142 [info] ExtensionService#_doActivateExtension vscode.css-language-features, startup: false, activationEvent: 'onLanguage:css'
2025-01-08 01:13:58.094 [info] Extension host terminating: renderer closed the MessagePort
2025-01-08 01:13:58.119 [error] An error occurred when disposing the subscriptions for extension 'Gruntfuggly.todo-tree':
2025-01-08 01:13:58.119 [error] AggregateError: Encountered errors while disposing of store
    at ai (file:///opt/visual-studio-code/resources/app/out/vs/workbench/api/node/extensionHostProcess.js:25:775)
    at file:///opt/visual-studio-code/resources/app/out/vs/workbench/api/node/extensionHostProcess.js:119:14992
    at file:///opt/visual-studio-code/resources/app/out/vs/workbench/api/node/extensionHostProcess.js:25:1009
    at Object.dispose (file:///opt/visual-studio-code/resources/app/out/vs/workbench/api/node/extensionHostProcess.js:8:705)
    at zz.eb (file:///opt/visual-studio-code/resources/app/out/vs/workbench/api/node/extensionHostProcess.js:119:11919)
    at file:///opt/visual-studio-code/resources/app/out/vs/workbench/api/node/extensionHostProcess.js:119:9874
    at Array.map (<anonymous>)
    at zz.$ (file:///opt/visual-studio-code/resources/app/out/vs/workbench/api/node/extensionHostProcess.js:119:9862)
    at zz.terminate (file:///opt/visual-studio-code/resources/app/out/vs/workbench/api/node/extensionHostProcess.js:119:10105)
    at QC.terminate (file:///opt/visual-studio-code/resources/app/out/vs/workbench/api/node/extensionHostProcess.js:120:1424)
    at Zi (file:///opt/visual-studio-code/resources/app/out/vs/workbench/api/node/extensionHostProcess.js:175:15080)
    at MessagePortMain.<anonymous> (file:///opt/visual-studio-code/resources/app/out/vs/workbench/api/node/extensionHostProcess.js:175:11628)
    at MessagePortMain.emit (node:events:518:28)
    at Object.MessagePortMain._internalPort.emit (node:electron/js2c/utility_init:2:2949)
2025-01-08 01:13:58.130 [error] Canceled: Canceled
    at new IT (file:///opt/visual-studio-code/resources/app/out/vs/workbench/api/node/extensionHostProcess.js:32:110702)
    at Dy.U (file:///opt/visual-studio-code/resources/app/out/vs/workbench/api/node/extensionHostProcess.js:32:115312)
    at Proxy.s.<computed>.n.charCodeAt.s.<computed> (file:///opt/visual-studio-code/resources/app/out/vs/workbench/api/node/extensionHostProcess.js:32:112806)
    at cw.g (file:///opt/visual-studio-code/resources/app/out/vs/workbench/api/node/extensionHostProcess.js:115:32313)
    at cw.executeCommand (file:///opt/visual-studio-code/resources/app/out/vs/workbench/api/node/extensionHostProcess.js:115:31817)
    at r.registerCommand.description (file:///opt/visual-studio-code/resources/app/out/vs/workbench/api/node/extensionHostProcess.js:115:31147)
    at cw.h (file:///opt/visual-studio-code/resources/app/out/vs/workbench/api/node/extensionHostProcess.js:115:32833)
    at cw.g (file:///opt/visual-studio-code/resources/app/out/vs/workbench/api/node/extensionHostProcess.js:115:31910)
    at cw.executeCommand (file:///opt/visual-studio-code/resources/app/out/vs/workbench/api/node/extensionHostProcess.js:115:31817)
    at Object.executeCommand (file:///opt/visual-studio-code/resources/app/out/vs/workbench/api/node/extensionHostProcess.js:157:37484)
    at f (/home/craacky/.vscode/extensions/eamodio.gitlens-16.1.1/dist/gitlens.js:1485:14138)
    at c (/home/craacky/.vscode/extensions/eamodio.gitlens-16.1.1/dist/gitlens.js:1485:18699)
    at ActionRunners._updateContextKeys (/home/craacky/.vscode/extensions/eamodio.gitlens-16.1.1/dist/gitlens.js:1104:69975)
    at s (/home/craacky/.vscode/extensions/eamodio.gitlens-16.1.1/dist/gitlens.js:1104:68419)
    at RegisteredActionRunner.unregister (/home/craacky/.vscode/extensions/eamodio.gitlens-16.1.1/dist/gitlens.js:1104:68562)
    at RegisteredActionRunner.dispose (/home/craacky/.vscode/extensions/eamodio.gitlens-16.1.1/dist/gitlens.js:1104:67229)
    at ActionRunners.dispose (/home/craacky/.vscode/extensions/eamodio.gitlens-16.1.1/dist/gitlens.js:1104:68002)
    at /home/craacky/.vscode/extensions/eamodio.gitlens-16.1.1/dist/gitlens.js:1429:14976
    at Array.forEach (<anonymous>)
    at Object.dispose (/home/craacky/.vscode/extensions/eamodio.gitlens-16.1.1/dist/gitlens.js:1429:14958)
    at ai (file:///opt/visual-studio-code/resources/app/out/vs/workbench/api/node/extensionHostProcess.js:25:699)
    at file:///opt/visual-studio-code/resources/app/out/vs/workbench/api/node/extensionHostProcess.js:119:14992
    at file:///opt/visual-studio-code/resources/app/out/vs/workbench/api/node/extensionHostProcess.js:25:1009
    at Object.dispose (file:///opt/visual-studio-code/resources/app/out/vs/workbench/api/node/extensionHostProcess.js:8:705)
    at zz.eb (file:///opt/visual-studio-code/resources/app/out/vs/workbench/api/node/extensionHostProcess.js:119:11919)
    at file:///opt/visual-studio-code/resources/app/out/vs/workbench/api/node/extensionHostProcess.js:119:9874
    at Array.map (<anonymous>)
    at zz.$ (file:///opt/visual-studio-code/resources/app/out/vs/workbench/api/node/extensionHostProcess.js:119:9862)
    at zz.terminate (file:///opt/visual-studio-code/resources/app/out/vs/workbench/api/node/extensionHostProcess.js:119:10105)
    at QC.terminate (file:///opt/visual-studio-code/resources/app/out/vs/workbench/api/node/extensionHostProcess.js:120:1424)
    at Zi (file:///opt/visual-studio-code/resources/app/out/vs/workbench/api/node/extensionHostProcess.js:175:15080)
    at MessagePortMain.<anonymous> (file:///opt/visual-studio-code/resources/app/out/vs/workbench/api/node/extensionHostProcess.js:175:11628)
    at MessagePortMain.emit (node:events:518:28)
    at Object.MessagePortMain._internalPort.emit (node:electron/js2c/utility_init:2:2949) setContext undefined
2025-01-08 01:13:58.131 [error] Canceled: Canceled
    at new IT (file:///opt/visual-studio-code/resources/app/out/vs/workbench/api/node/extensionHostProcess.js:32:110702)
    at Dy.U (file:///opt/visual-studio-code/resources/app/out/vs/workbench/api/node/extensionHostProcess.js:32:115312)
    at Proxy.s.<computed>.n.charCodeAt.s.<computed> (file:///opt/visual-studio-code/resources/app/out/vs/workbench/api/node/extensionHostProcess.js:32:112806)
    at cw.g (file:///opt/visual-studio-code/resources/app/out/vs/workbench/api/node/extensionHostProcess.js:115:32313)
    at cw.executeCommand (file:///opt/visual-studio-code/resources/app/out/vs/workbench/api/node/extensionHostProcess.js:115:31817)
    at r.registerCommand.description (file:///opt/visual-studio-code/resources/app/out/vs/workbench/api/node/extensionHostProcess.js:115:31147)
    at cw.h (file:///opt/visual-studio-code/resources/app/out/vs/workbench/api/node/extensionHostProcess.js:115:32833)
    at cw.g (file:///opt/visual-studio-code/resources/app/out/vs/workbench/api/node/extensionHostProcess.js:115:31910)
    at cw.executeCommand (file:///opt/visual-studio-code/resources/app/out/vs/workbench/api/node/extensionHostProcess.js:115:31817)
    at Object.executeCommand (file:///opt/visual-studio-code/resources/app/out/vs/workbench/api/node/extensionHostProcess.js:157:37484)
    at f (/home/craacky/.vscode/extensions/eamodio.gitlens-16.1.1/dist/gitlens.js:1485:14138)
    at c (/home/craacky/.vscode/extensions/eamodio.gitlens-16.1.1/dist/gitlens.js:1485:18699)
    at ActionRunners._updateContextKeys (/home/craacky/.vscode/extensions/eamodio.gitlens-16.1.1/dist/gitlens.js:1104:69975)
    at s (/home/craacky/.vscode/extensions/eamodio.gitlens-16.1.1/dist/gitlens.js:1104:68419)
    at RegisteredActionRunner.unregister (/home/craacky/.vscode/extensions/eamodio.gitlens-16.1.1/dist/gitlens.js:1104:68562)
    at RegisteredActionRunner.dispose (/home/craacky/.vscode/extensions/eamodio.gitlens-16.1.1/dist/gitlens.js:1104:67229)
    at ActionRunners.dispose (/home/craacky/.vscode/extensions/eamodio.gitlens-16.1.1/dist/gitlens.js:1104:68002)
    at /home/craacky/.vscode/extensions/eamodio.gitlens-16.1.1/dist/gitlens.js:1429:14976
    at Array.forEach (<anonymous>)
    at Object.dispose (/home/craacky/.vscode/extensions/eamodio.gitlens-16.1.1/dist/gitlens.js:1429:14958)
    at ai (file:///opt/visual-studio-code/resources/app/out/vs/workbench/api/node/extensionHostProcess.js:25:699)
    at file:///opt/visual-studio-code/resources/app/out/vs/workbench/api/node/extensionHostProcess.js:119:14992
    at file:///opt/visual-studio-code/resources/app/out/vs/workbench/api/node/extensionHostProcess.js:25:1009
    at Object.dispose (file:///opt/visual-studio-code/resources/app/out/vs/workbench/api/node/extensionHostProcess.js:8:705)
    at zz.eb (file:///opt/visual-studio-code/resources/app/out/vs/workbench/api/node/extensionHostProcess.js:119:11919)
    at file:///opt/visual-studio-code/resources/app/out/vs/workbench/api/node/extensionHostProcess.js:119:9874
    at Array.map (<anonymous>)
    at zz.$ (file:///opt/visual-studio-code/resources/app/out/vs/workbench/api/node/extensionHostProcess.js:119:9862)
    at zz.terminate (file:///opt/visual-studio-code/resources/app/out/vs/workbench/api/node/extensionHostProcess.js:119:10105)
    at QC.terminate (file:///opt/visual-studio-code/resources/app/out/vs/workbench/api/node/extensionHostProcess.js:120:1424)
    at Zi (file:///opt/visual-studio-code/resources/app/out/vs/workbench/api/node/extensionHostProcess.js:175:15080)
    at MessagePortMain.<anonymous> (file:///opt/visual-studio-code/resources/app/out/vs/workbench/api/node/extensionHostProcess.js:175:11628)
    at MessagePortMain.emit (node:events:518:28)
    at Object.MessagePortMain._internalPort.emit (node:electron/js2c/utility_init:2:2949) setContext undefined
2025-01-08 01:13:58.132 [error] Canceled: Canceled
    at new IT (file:///opt/visual-studio-code/resources/app/out/vs/workbench/api/node/extensionHostProcess.js:32:110702)
    at Dy.U (file:///opt/visual-studio-code/resources/app/out/vs/workbench/api/node/extensionHostProcess.js:32:115312)
    at Proxy.s.<computed>.n.charCodeAt.s.<computed> (file:///opt/visual-studio-code/resources/app/out/vs/workbench/api/node/extensionHostProcess.js:32:112806)
    at cw.g (file:///opt/visual-studio-code/resources/app/out/vs/workbench/api/node/extensionHostProcess.js:115:32313)
    at cw.executeCommand (file:///opt/visual-studio-code/resources/app/out/vs/workbench/api/node/extensionHostProcess.js:115:31817)
    at r.registerCommand.description (file:///opt/visual-studio-code/resources/app/out/vs/workbench/api/node/extensionHostProcess.js:115:31147)
    at cw.h (file:///opt/visual-studio-code/resources/app/out/vs/workbench/api/node/extensionHostProcess.js:115:32833)
    at cw.g (file:///opt/visual-studio-code/resources/app/out/vs/workbench/api/node/extensionHostProcess.js:115:31910)
    at cw.executeCommand (file:///opt/visual-studio-code/resources/app/out/vs/workbench/api/node/extensionHostProcess.js:115:31817)
    at Object.executeCommand (file:///opt/visual-studio-code/resources/app/out/vs/workbench/api/node/extensionHostProcess.js:157:37484)
    at f (/home/craacky/.vscode/extensions/eamodio.gitlens-16.1.1/dist/gitlens.js:1485:14138)
    at c (/home/craacky/.vscode/extensions/eamodio.gitlens-16.1.1/dist/gitlens.js:1485:18699)
    at ActionRunners._updateContextKeys (/home/craacky/.vscode/extensions/eamodio.gitlens-16.1.1/dist/gitlens.js:1104:69975)
    at s (/home/craacky/.vscode/extensions/eamodio.gitlens-16.1.1/dist/gitlens.js:1104:68419)
    at RegisteredActionRunner.unregister (/home/craacky/.vscode/extensions/eamodio.gitlens-16.1.1/dist/gitlens.js:1104:68562)
    at RegisteredActionRunner.dispose (/home/craacky/.vscode/extensions/eamodio.gitlens-16.1.1/dist/gitlens.js:1104:67229)
    at ActionRunners.dispose (/home/craacky/.vscode/extensions/eamodio.gitlens-16.1.1/dist/gitlens.js:1104:68002)
    at /home/craacky/.vscode/extensions/eamodio.gitlens-16.1.1/dist/gitlens.js:1429:14976
    at Array.forEach (<anonymous>)
    at Object.dispose (/home/craacky/.vscode/extensions/eamodio.gitlens-16.1.1/dist/gitlens.js:1429:14958)
    at ai (file:///opt/visual-studio-code/resources/app/out/vs/workbench/api/node/extensionHostProcess.js:25:699)
    at file:///opt/visual-studio-code/resources/app/out/vs/workbench/api/node/extensionHostProcess.js:119:14992
    at file:///opt/visual-studio-code/resources/app/out/vs/workbench/api/node/extensionHostProcess.js:25:1009
    at Object.dispose (file:///opt/visual-studio-code/resources/app/out/vs/workbench/api/node/extensionHostProcess.js:8:705)
    at zz.eb (file:///opt/visual-studio-code/resources/app/out/vs/workbench/api/node/extensionHostProcess.js:119:11919)
    at file:///opt/visual-studio-code/resources/app/out/vs/workbench/api/node/extensionHostProcess.js:119:9874
    at Array.map (<anonymous>)
    at zz.$ (file:///opt/visual-studio-code/resources/app/out/vs/workbench/api/node/extensionHostProcess.js:119:9862)
    at zz.terminate (file:///opt/visual-studio-code/resources/app/out/vs/workbench/api/node/extensionHostProcess.js:119:10105)
    at QC.terminate (file:///opt/visual-studio-code/resources/app/out/vs/workbench/api/node/extensionHostProcess.js:120:1424)
    at Zi (file:///opt/visual-studio-code/resources/app/out/vs/workbench/api/node/extensionHostProcess.js:175:15080)
    at MessagePortMain.<anonymous> (file:///opt/visual-studio-code/resources/app/out/vs/workbench/api/node/extensionHostProcess.js:175:11628)
    at MessagePortMain.emit (node:events:518:28)
    at Object.MessagePortMain._internalPort.emit (node:electron/js2c/utility_init:2:2949) setContext undefined
2025-01-08 01:13:58.134 [info] Extension host with pid 1770 exiting with code 0
