2025-01-08 02:25:41.332 [info] Reading sessions from keychain...
2025-01-08 02:25:41.332 [info] Getting sessions for all scopes...
2025-01-08 02:25:41.332 [info] Getting sessions for all scopes...
2025-01-08 02:25:41.332 [info] Getting sessions for all scopes...
2025-01-08 02:25:41.332 [info] Getting sessions for all scopes...
2025-01-08 02:25:41.332 [info] Getting sessions for all scopes...
2025-01-08 02:25:41.332 [info] Getting sessions for all scopes...
2025-01-08 02:25:41.332 [info] Getting sessions for all scopes...
2025-01-08 02:25:41.406 [info] Got stored sessions!
2025-01-08 02:25:41.406 [info] Got 1 verified sessions.
2025-01-08 02:25:41.406 [info] Got 1 sessions for ...
2025-01-08 02:25:41.406 [info] Got 1 sessions for ...
2025-01-08 02:25:41.406 [info] Got 1 sessions for ...
2025-01-08 02:25:41.406 [info] Got 1 sessions for ...
2025-01-08 02:25:41.406 [info] Got 1 sessions for ...
2025-01-08 02:25:41.406 [info] Got 1 sessions for ...
2025-01-08 02:25:41.406 [info] Got 1 sessions for ...
2025-01-08 02:25:41.411 [info] Getting sessions for all scopes...
2025-01-08 02:25:41.411 [info] Got 1 sessions for ...
2025-01-08 02:25:41.677 [info] Getting sessions for user:email...
2025-01-08 02:25:41.677 [info] Got 1 sessions for user:email...
2025-01-08 02:25:42.705 [info] Getting sessions for read:user,repo,user:email...
2025-01-08 02:25:42.705 [info] Got 0 sessions for read:user,repo,user:email...
2025-01-08 02:25:43.065 [info] Getting sessions for all scopes...
2025-01-08 02:25:43.065 [info] Got 1 sessions for ...
