2025-01-08 01:10:18.621 [info] Reading sessions from keychain...
2025-01-08 01:10:18.621 [info] Getting sessions for all scopes...
2025-01-08 01:10:18.621 [info] Getting sessions for all scopes...
2025-01-08 01:10:18.621 [info] Getting sessions for all scopes...
2025-01-08 01:10:18.621 [info] Getting sessions for all scopes...
2025-01-08 01:10:18.621 [info] Getting sessions for all scopes...
2025-01-08 01:10:18.621 [info] Getting sessions for all scopes...
2025-01-08 01:10:18.621 [info] Getting sessions for all scopes...
2025-01-08 01:10:18.621 [info] Got stored sessions!
2025-01-08 01:10:18.621 [info] Got 1 verified sessions.
2025-01-08 01:10:18.621 [info] Got 1 sessions for ...
2025-01-08 01:10:18.621 [info] Got 1 sessions for ...
2025-01-08 01:10:18.621 [info] Got 1 sessions for ...
2025-01-08 01:10:18.621 [info] Got 1 sessions for ...
2025-01-08 01:10:18.621 [info] Got 1 sessions for ...
2025-01-08 01:10:18.621 [info] Got 1 sessions for ...
2025-01-08 01:10:18.621 [info] Got 1 sessions for ...
2025-01-08 01:10:18.650 [info] Getting sessions for all scopes...
2025-01-08 01:10:18.650 [info] Got 1 sessions for ...
2025-01-08 01:10:19.063 [info] Getting sessions for user:email...
2025-01-08 01:10:19.063 [info] Got 1 sessions for user:email...
2025-01-08 01:10:20.185 [info] Getting sessions for read:user,repo,user:email...
2025-01-08 01:10:20.185 [info] Got 0 sessions for read:user,repo,user:email...
2025-01-08 01:10:20.283 [info] Getting sessions for all scopes...
2025-01-08 01:10:20.283 [info] Got 1 sessions for ...
