2025-01-08 02:47:07.971 [info] Reading sessions from keychain...
2025-01-08 02:47:07.971 [info] Getting sessions for all scopes...
2025-01-08 02:47:07.971 [info] Getting sessions for all scopes...
2025-01-08 02:47:07.971 [info] Getting sessions for all scopes...
2025-01-08 02:47:07.971 [info] Getting sessions for all scopes...
2025-01-08 02:47:07.971 [info] Getting sessions for all scopes...
2025-01-08 02:47:07.971 [info] Getting sessions for all scopes...
2025-01-08 02:47:07.971 [info] Getting sessions for all scopes...
2025-01-08 02:47:07.971 [info] Got stored sessions!
2025-01-08 02:47:07.971 [info] Got 1 verified sessions.
2025-01-08 02:47:07.971 [info] Got 1 sessions for ...
2025-01-08 02:47:07.971 [info] Got 1 sessions for ...
2025-01-08 02:47:07.971 [info] Got 1 sessions for ...
2025-01-08 02:47:07.971 [info] Got 1 sessions for ...
2025-01-08 02:47:07.971 [info] Got 1 sessions for ...
2025-01-08 02:47:07.971 [info] Got 1 sessions for ...
2025-01-08 02:47:07.971 [info] Got 1 sessions for ...
2025-01-08 02:47:08.025 [info] Getting sessions for all scopes...
2025-01-08 02:47:08.025 [info] Got 1 sessions for ...
2025-01-08 02:47:08.285 [info] Getting sessions for user:email...
2025-01-08 02:47:08.285 [info] Got 1 sessions for user:email...
2025-01-08 02:47:09.260 [info] Getting sessions for read:user,repo,user:email...
2025-01-08 02:47:09.260 [info] Got 0 sessions for read:user,repo,user:email...
2025-01-08 02:47:09.608 [info] Getting sessions for all scopes...
2025-01-08 02:47:09.608 [info] Got 1 sessions for ...
