2025-01-08 01:29:39.859 [info] Added views:outline in workbench.view.explorer
2025-01-08 01:29:39.859 [info] Added views:workbench.view.search in workbench.view.search
2025-01-08 01:29:39.859 [info] Added views:workbench.scm in workbench.view.scm
2025-01-08 01:29:39.859 [info] Added views:workbench.panel.markers.view in workbench.panel.markers
2025-01-08 01:29:39.859 [info] Added views:workbench.panel.output in workbench.panel.output
2025-01-08 01:29:39.859 [info] Added views:terminal in terminal
2025-01-08 01:29:39.859 [info] Added views:timeline in workbench.view.explorer
2025-01-08 01:29:39.859 [info] Added views:workbench.explorer.fileView in workbench.view.explorer
2025-01-08 01:29:40.067 [info] Added views:workbench.debug.welcome in workbench.view.debug
2025-01-08 01:29:40.372 [info] Added views:gitlens.views.scm.grouped in workbench.view.scm
2025-01-08 01:29:40.372 [info] Added views:gitlens.views.commitDetails,gitlens.views.lineHistory,gitlens.views.fileHistory,gitlens.views.searchAndCompare in workbench.view.extension.gitlensInspect
2025-01-08 01:29:40.373 [info] Added views:gitlens.views.home,gitlens.views.launchpad,gitlens.views.workspaces in workbench.view.extension.gitlens
2025-01-08 01:29:40.373 [info] Added views:todo-tree-view in workbench.view.extension.todo-tree-container
2025-01-08 01:29:40.741 [info] Added views:workbench.panel.repl.view in workbench.panel.repl
2025-01-08 01:29:41.166 [info] Added views:~remote.forwardedPorts in ~remote.forwardedPortsContainer
2025-01-08 01:29:42.135 [info] Removed views:gitlens.views.searchAndCompare,gitlens.views.fileHistory,gitlens.views.lineHistory,gitlens.views.commitDetails from workbench.view.extension.gitlensInspect
2025-01-08 01:29:42.136 [info] Removed views:gitlens.views.scm.grouped from workbench.view.scm
2025-01-08 01:29:42.207 [info] Added views:gitlens.views.drafts in workbench.view.extension.gitlens
2025-01-08 01:29:43.269 [info] Added views:workbench.view.testing in workbench.view.extension.test
2025-01-08 01:49:42.891 [info] Removed views:workbench.view.testing from workbench.view.extension.test
