2025-01-08 01:58:23.802 [info] Reading sessions from keychain...
2025-01-08 01:58:23.802 [info] Getting sessions for all scopes...
2025-01-08 01:58:23.802 [info] Getting sessions for all scopes...
2025-01-08 01:58:23.802 [info] Getting sessions for all scopes...
2025-01-08 01:58:23.802 [info] Getting sessions for all scopes...
2025-01-08 01:58:23.802 [info] Getting sessions for all scopes...
2025-01-08 01:58:23.802 [info] Getting sessions for all scopes...
2025-01-08 01:58:23.802 [info] Getting sessions for all scopes...
2025-01-08 01:58:23.918 [info] Got stored sessions!
2025-01-08 01:58:23.918 [info] Got 1 verified sessions.
2025-01-08 01:58:23.918 [info] Got 1 sessions for ...
2025-01-08 01:58:23.918 [info] Got 1 sessions for ...
2025-01-08 01:58:23.918 [info] Got 1 sessions for ...
2025-01-08 01:58:23.918 [info] Got 1 sessions for ...
2025-01-08 01:58:23.918 [info] Got 1 sessions for ...
2025-01-08 01:58:23.918 [info] Got 1 sessions for ...
2025-01-08 01:58:23.918 [info] Got 1 sessions for ...
2025-01-08 01:58:24.014 [info] Getting sessions for all scopes...
2025-01-08 01:58:24.014 [info] Got 1 sessions for ...
2025-01-08 01:58:24.203 [info] Getting sessions for user:email...
2025-01-08 01:58:24.203 [info] Got 1 sessions for user:email...
2025-01-08 01:58:24.923 [info] Getting sessions for read:user,repo,user:email...
2025-01-08 01:58:24.923 [info] Got 0 sessions for read:user,repo,user:email...
2025-01-08 01:58:25.491 [info] Getting sessions for all scopes...
2025-01-08 01:58:25.491 [info] Got 1 sessions for ...
