2025-01-08 01:22:08.417 [info] Reading sessions from keychain...
2025-01-08 01:22:08.417 [info] Getting sessions for all scopes...
2025-01-08 01:22:08.417 [info] Getting sessions for all scopes...
2025-01-08 01:22:08.417 [info] Getting sessions for all scopes...
2025-01-08 01:22:08.417 [info] Got stored sessions!
2025-01-08 01:22:08.417 [info] Got 1 verified sessions.
2025-01-08 01:22:08.417 [info] Got 1 sessions for ...
2025-01-08 01:22:08.417 [info] Got 1 sessions for ...
2025-01-08 01:22:08.417 [info] Got 1 sessions for ...
2025-01-08 01:22:08.469 [info] Getting sessions for all scopes...
2025-01-08 01:22:08.469 [info] Got 1 sessions for ...
2025-01-08 01:22:08.469 [info] Getting sessions for all scopes...
2025-01-08 01:22:08.469 [info] Got 1 sessions for ...
2025-01-08 01:22:08.469 [info] Getting sessions for all scopes...
2025-01-08 01:22:08.469 [info] Got 1 sessions for ...
2025-01-08 01:22:08.469 [info] Getting sessions for all scopes...
2025-01-08 01:22:08.469 [info] Got 1 sessions for ...
2025-01-08 01:22:08.470 [info] Getting sessions for all scopes...
2025-01-08 01:22:08.470 [info] Got 1 sessions for ...
2025-01-08 01:22:08.583 [info] Getting sessions for user:email...
2025-01-08 01:22:08.583 [info] Got 1 sessions for user:email...
2025-01-08 01:22:09.919 [info] Getting sessions for read:user,repo,user:email...
2025-01-08 01:22:09.919 [info] Got 0 sessions for read:user,repo,user:email...
2025-01-08 01:22:10.542 [info] Getting sessions for all scopes...
2025-01-08 01:22:10.542 [info] Got 1 sessions for ...
2025-01-08 01:23:16.730 [info] Reading sessions from keychain...
2025-01-08 01:23:16.730 [info] Getting sessions for all scopes...
2025-01-08 01:23:16.730 [info] Getting sessions for all scopes...
2025-01-08 01:23:16.730 [info] Getting sessions for all scopes...
2025-01-08 01:23:16.730 [info] Getting sessions for all scopes...
2025-01-08 01:23:16.730 [info] Getting sessions for all scopes...
2025-01-08 01:23:16.730 [info] Getting sessions for all scopes...
2025-01-08 01:23:16.730 [info] Getting sessions for all scopes...
2025-01-08 01:23:16.760 [info] Got stored sessions!
2025-01-08 01:23:16.760 [info] Got 1 verified sessions.
2025-01-08 01:23:16.760 [info] Got 1 sessions for ...
2025-01-08 01:23:16.760 [info] Got 1 sessions for ...
2025-01-08 01:23:16.760 [info] Got 1 sessions for ...
2025-01-08 01:23:16.760 [info] Got 1 sessions for ...
2025-01-08 01:23:16.760 [info] Got 1 sessions for ...
2025-01-08 01:23:16.760 [info] Got 1 sessions for ...
2025-01-08 01:23:16.760 [info] Got 1 sessions for ...
2025-01-08 01:23:16.861 [info] Getting sessions for all scopes...
2025-01-08 01:23:16.861 [info] Got 1 sessions for ...
2025-01-08 01:23:17.193 [info] Getting sessions for user:email...
2025-01-08 01:23:17.193 [info] Got 1 sessions for user:email...
2025-01-08 01:23:18.023 [info] Getting sessions for read:user,repo,user:email...
2025-01-08 01:23:18.023 [info] Got 0 sessions for read:user,repo,user:email...
2025-01-08 01:23:18.608 [info] Getting sessions for all scopes...
2025-01-08 01:23:18.608 [info] Got 1 sessions for ...
