2025-01-08 01:57:16.185 [info] Reading sessions from keychain...
2025-01-08 01:57:16.185 [info] Getting sessions for all scopes...
2025-01-08 01:57:16.185 [info] Getting sessions for all scopes...
2025-01-08 01:57:16.185 [info] Getting sessions for all scopes...
2025-01-08 01:57:16.185 [info] Getting sessions for all scopes...
2025-01-08 01:57:16.185 [info] Getting sessions for all scopes...
2025-01-08 01:57:16.185 [info] Getting sessions for all scopes...
2025-01-08 01:57:16.185 [info] Getting sessions for all scopes...
2025-01-08 01:57:16.185 [info] Got stored sessions!
2025-01-08 01:57:16.185 [info] Got 1 verified sessions.
2025-01-08 01:57:16.185 [info] Got 1 sessions for ...
2025-01-08 01:57:16.185 [info] Got 1 sessions for ...
2025-01-08 01:57:16.185 [info] Got 1 sessions for ...
2025-01-08 01:57:16.185 [info] Got 1 sessions for ...
2025-01-08 01:57:16.185 [info] Got 1 sessions for ...
2025-01-08 01:57:16.185 [info] Got 1 sessions for ...
2025-01-08 01:57:16.185 [info] Got 1 sessions for ...
2025-01-08 01:57:16.205 [info] Getting sessions for all scopes...
2025-01-08 01:57:16.205 [info] Got 1 sessions for ...
2025-01-08 01:57:16.357 [info] Getting sessions for user:email...
2025-01-08 01:57:16.357 [info] Got 1 sessions for user:email...
2025-01-08 01:57:17.603 [info] Getting sessions for read:user,repo,user:email...
2025-01-08 01:57:17.603 [info] Got 0 sessions for read:user,repo,user:email...
2025-01-08 01:57:17.936 [info] Getting sessions for all scopes...
2025-01-08 01:57:17.936 [info] Got 1 sessions for ...
