2025-01-08 01:07:44.556 [info] Reading sessions from keychain...
2025-01-08 01:07:44.556 [info] Getting sessions for all scopes...
2025-01-08 01:07:44.556 [info] Getting sessions for all scopes...
2025-01-08 01:07:44.556 [info] Getting sessions for all scopes...
2025-01-08 01:07:44.556 [info] Getting sessions for all scopes...
2025-01-08 01:07:44.556 [info] Getting sessions for all scopes...
2025-01-08 01:07:44.556 [info] Getting sessions for all scopes...
2025-01-08 01:07:44.556 [info] Getting sessions for all scopes...
2025-01-08 01:07:44.556 [info] Got stored sessions!
2025-01-08 01:07:44.556 [info] Got 1 verified sessions.
2025-01-08 01:07:44.556 [info] Got 1 sessions for ...
2025-01-08 01:07:44.556 [info] Got 1 sessions for ...
2025-01-08 01:07:44.556 [info] Got 1 sessions for ...
2025-01-08 01:07:44.556 [info] Got 1 sessions for ...
2025-01-08 01:07:44.556 [info] Got 1 sessions for ...
2025-01-08 01:07:44.556 [info] Got 1 sessions for ...
2025-01-08 01:07:44.556 [info] Got 1 sessions for ...
2025-01-08 01:07:44.556 [info] Getting sessions for all scopes...
2025-01-08 01:07:44.556 [info] Got 1 sessions for ...
2025-01-08 01:07:44.591 [info] Getting sessions for user:email...
2025-01-08 01:07:44.592 [info] Got 1 sessions for user:email...
2025-01-08 01:07:45.477 [info] Getting sessions for read:user,repo,user:email...
2025-01-08 01:07:45.477 [info] Got 0 sessions for read:user,repo,user:email...
2025-01-08 01:07:46.143 [info] Getting sessions for all scopes...
2025-01-08 01:07:46.143 [info] Got 1 sessions for ...
