[106399][1735912769230][main][info]["Booting Postman 11.23.3, linux-6.12.7-arch1-1 on x64"]
[106399][1735912769232][main][info]["EventBus~initialize - Success"]
[106399][1735912769233][main][info]["Proxy configuration has not been setup"]
[106399][1735912769233][main][info]["CloudProxyManager~init - Success"]
[106399][1735912769264][main][info]["performShellDataMigration: Starting shell data migration"]
[106399][1735912769264][main][info]["migrateShellData:Starting"]
[106399][1735912769266][main][info]["migrateShellData: Old storage cleaned up"]
[106399][1735912769406][main][info]["migrateShellData: Got data from shell. Writing to storage"]
[106399][1735912769410][main][info]["performShellDataMigration: Migration successful on try count 1"]
[106399][1735912769416][main][info]["UpdateHandler~init - Success"]
[106399][1735912769417][main][info]["LeaderSelection: Initialized successfully"]
[106399][1735912769417][main][info]["VersionDependencyService: Initialized successfully"]
[106399][1735912769425][main][info]["GPU detected VID 4098 DID 29695 ACTIVE true"]
[106399][1735912769426][main][info]["shellController~init: Success"]
[106399][1735912769426][main][info]["shellMeta~init: Success"]
[106399][1735912769426][main][info]["partitionMigrationService: State of V7 partition:"]
[106399][1735912769427][main][info]["partitionMigrationService: V7 partitions",[]]
[106399][1735912769427][main][info]["partitionMigrationService~rectifyNamespaceOfScratchPadPartition: There is no partition with scratchpad namespace"]
[106399][1735912769427][main][info]["partitionMigrationService~rectifyNamespaceOfScratchPadPartition: There is no transit partition which could have been used for scratchpad"]
[106399][1735912769427][main][info]["partitionMigrationService~init: Success"]
[106399][1735912769427][main][info]["partitionMigrationService~runV8PartitionsIntegrity: Two way migration~ removing the following partitions from v8",[]]
[106399][1735912769427][main][info]["userPartitionService~_rectifyTheActivePartitionOfApplication: Setting the active partition to ",null]
[106399][1735912769439][main][info]["Generated root certificate for linux"]
[106399][1735912769440][main][info]["LinuxAutoUpdater~Cleanup - Initial cleanup successful"]
[106399][1735912769442][main][info]["newAccountRegionPreferenceService~getPreferenceWithFallback - Preference not found in storage."]
[106399][1735912769442][main][info]["newAccountRegionPreferenceService~getToggleMenuTemplate - Using preference:","useUSRegion"]
[106399][1735912769459][main][info]["userPartitionService~init: Success"]
[106399][1735912769472][main][info]["userPartitionService: State of v8 partition system:"]
[106399][1735912769472][main][info]["shell~init~getPartitionToLoad: loading scratchpad partition"]
[106399][1735912769472][main][info]["userPartitionService: List of partitions:",[]]
[106399][1735912769473][main][info]["userPartitionService: users global meta:",{}]
[106399][1735912769488][main][info]["Main:windowManager~newRequesterWindow: Fetch and update runtime config: undefined"]
[106399][1735912769591][main][info]["proxyCertificateService~ensureRootCAPresence: Deleting and creating new certificates"]
[106399][1735912771586][main][info]["RuntimeIPCAgent~started: Success"]
[106399][1735912771594][main][info]["Main~scratchpadThemeAction:: action: set, value: dark"]
[106399][1735912771595][main][info]["Main~scratchpadThemeAction:: action: set, value: dark"]
[106399][1735912771599][main][info]["Main~scratchpadThemeAction:: action: set, value: dark"]
[106399][1735912771611][main][info]["UpdateHandler~app-update-events - Received event",{"name":"checkForElectronVersionUpdated","namespace":"appUpdate"}]
[106399][1735912771615][main][info]["windowManager: First requester booted successfully."]
[106399][1735912771615][main][info]["windowManager~restoreWindows: Restoring requester windows"]
[106399][1735912771615][main][info]["Main~AppEvents - Received booted event for process requester.Version undefined UI Version: undefined Desktop Platform Version: 11.23.3"]
[106399][1735912781233][main][info]["WindowManager~closeHandler - Closed Window (id: 2 )"]
[106399][1735912781236][main][info]["Quitting app"]
[106608][1735912785719][main][info]["Booting Postman 11.23.3, linux-6.12.7-arch1-1 on x64"]
[106608][1735912785721][main][info]["EventBus~initialize - Success"]
[106608][1735912785722][main][info]["Proxy configuration has not been setup"]
[106608][1735912785723][main][info]["CloudProxyManager~init - Success"]
[106608][1735912785758][main][info]["performShellDataMigration: Migration has already been done. Bailing out"]
[106608][1735912785763][main][info]["UpdateHandler~init - Success"]
[106608][1735912785764][main][info]["LeaderSelection: Initialized successfully"]
[106608][1735912785764][main][info]["VersionDependencyService: Initialized successfully"]
[106608][1735912785772][main][info]["GPU detected VID 4098 DID 29695 ACTIVE true"]
[106608][1735912785773][main][info]["shellController~init: Success"]
[106608][1735912785773][main][info]["shellMeta~init: Success"]
[106608][1735912785773][main][info]["partitionMigrationService: State of V7 partition:"]
[106608][1735912785774][main][info]["partitionMigrationService: V7 partitions",[]]
[106608][1735912785774][main][info]["partitionMigrationService~rectifyNamespaceOfScratchPadPartition: There is no partition with scratchpad namespace"]
[106608][1735912785774][main][info]["partitionMigrationService~rectifyNamespaceOfScratchPadPartition: There is no transit partition which could have been used for scratchpad"]
[106608][1735912785774][main][info]["partitionMigrationService~init: Success"]
[106608][1735912785774][main][info]["partitionMigrationService~runV8PartitionsIntegrity: Two way migration~ removing the following partitions from v8",[]]
[106608][1735912785775][main][info]["userPartitionService~_rectifyTheActivePartitionOfApplication: Setting the active partition to ",null]
[106608][1735912785776][main][info]["LinuxAutoUpdater~Cleanup - Initial cleanup successful"]
[106608][1735912785780][main][info]["newAccountRegionPreferenceService~getPreferenceWithFallback - Preference not found in storage."]
[106608][1735912785780][main][info]["newAccountRegionPreferenceService~getToggleMenuTemplate - Using preference:","useUSRegion"]
[106608][1735912785789][main][info]["userPartitionService~init: Success"]
[106608][1735912785801][main][info]["userPartitionService: State of v8 partition system:"]
[106608][1735912785801][main][info]["shell~init~getPartitionToLoad: loading scratchpad partition"]
[106608][1735912785801][main][info]["userPartitionService: List of partitions:",[{"partitionId":"686f9a4f-a7c2-48e7-8fca-8cf412504fb9","namespace":"scratchPad","userId":0,"teamId":0,"isDirty":false}]]
[106608][1735912785801][main][info]["userPartitionService: users global meta:",{}]
[106608][1735912785801][main][info]["Main:windowManager~newRequesterWindow: Fetch and update runtime config: undefined"]
[106608][1735912787637][main][info]["RuntimeIPCAgent~started: Success"]
[106608][1735912787646][main][info]["Main~scratchpadThemeAction:: action: set, value: dark"]
[106608][1735912787648][main][info]["Main~scratchpadThemeAction:: action: set, value: dark"]
[106608][1735912787657][main][info]["Main~scratchpadThemeAction:: action: set, value: dark"]
[106608][1735912787665][main][info]["UpdateHandler~app-update-events - Received event",{"name":"checkForElectronVersionUpdated","namespace":"appUpdate"}]
[106608][1735912787669][main][info]["windowManager: First requester booted successfully."]
[106608][1735912787669][main][info]["windowManager~restoreWindows: Restoring requester windows"]
[106608][1735912787669][main][info]["Main~AppEvents - Received booted event for process requester.Version undefined UI Version: undefined Desktop Platform Version: 11.23.3"]
[106608][1735912796495][main][info]["VersionDependencyService: Resetting UI version as user logged out/switched account"]
[106608][1735912796496][main][info]["Main - model-events~user - (users, add) received"]
[106608][1735912796681][main][info]["AuthHandler~open: Received dom-ready event."]
[106608][1735912796682][main][info]["AuthHandler~open: Received did-finish-load event."]
[106608][1735912796790][main][warn]["AuthHandler~open: Current app is not default protocol client - Falling back to polling mechanism."]
[106608][1735912796791][main][info]["newAccountRegionPreferenceService~getPreferenceWithFallback - Preference not found in storage."]
[106608][1735912796791][main][info]["newAccountRegionPreferenceService~getRegionPreference - Using preference:","useUSRegion"]
[106608][1735912796791][main][info]["AuthHandler~open: new Account region preference:","us"]
[106608][1735912796791][main][info]["AuthHandler~open: get multiLoginToken token."]
[106608][1735912796791][main][info]["AuthHandler~open: Publishing initialize event to auth-window channel."]
[106608][1735912814409][main][info]["Shell~init~loginUser: associating the user ","40776236"," with transit partition"]
[106608][1735912814410][main][info]["userPartitionService~getNewPartitionId: creating a partition with userId and teamId as 0"]
[106608][1735912814423][main][info]["userPartitionService~associateTransitPartition: ",{"partitionId":"8f6c184e-1530-4e44-a679-bdc0abd7cba5","context":{"namespace":"users","userId":"40776236","teamId":"0","region":"us"}}]
[106608][1735912814434][main][info]["userPartitionService: State of v8 partition system:"]
[106608][1735912814434][main][info]["userPartitionService: List of partitions:",[{"partitionId":"8f6c184e-1530-4e44-a679-bdc0abd7cba5","namespace":"users","userId":"40776236","teamId":"0","lastUpdated":"2025-01-03T14:00:14.423Z"},{"partitionId":"686f9a4f-a7c2-48e7-8fca-8cf412504fb9","namespace":"scratchPad","userId":0,"teamId":0,"isDirty":false}]]
[106608][1735912814434][main][info]["userPartitionService: users global meta:",{}]
[106608][1735912814440][main][info]["Main:windowManager~newRequesterWindow: Fetch and update runtime config: us"]
[106608][1735912816593][main][info]["Main~getRemoteInitPath:: "]
[106608][1735912816652][main][info]["Main - model-events~user - (user, update) received"]
[106608][1735912816652][main][info]["Main~reload: https://desktop.postman.com/?desktopVersion=11.23.3&userId=40776236&teamId=0&region=us"]
[106608][1735912816849][main][info]["UpdateHandler~app-update-events - Received event",{"name":"checkForElectronVersionUpdated","namespace":"appUpdate"}]
[106608][1735912816852][main][info]["INTERCEPTOR CONNECTIVITY: Connecting to Interceptor Bridge"]
[106608][1735912816858][main][info]["windowManager: First requester booted successfully."]
[106608][1735912816858][main][info]["windowManager~restoreWindows: Restoring requester windows"]
[106608][1735912816858][main][info]["Main~AppEvents - Received booted event for process requester.Version 11.23.3 UI Version: 11.23.3-ui-241218-0859 Desktop Platform Version: 11.23.3"]
[106608][1735912816918][main][info]["Main~getRemoteInitPath:: "]
[106608][1735912817017][main][info]["Main~getPlatformLaunchPerfMetrics"]
[106608][1735912817914][main][info]["Main~getRemoteInitPath:: "]
[106608][1735912817967][main][info]["Main - model-events~user - (user, update) received"]
[106608][1735912818159][main][info]["UpdateHandler~app-update-events - Received event",{"name":"checkForElectronVersionUpdated","namespace":"appUpdate"}]
[106608][1735912818167][main][info]["Main~AppEvents - Received booted event for process requester.Version 11.23.3 UI Version: 11.23.3-ui-241218-0859 Desktop Platform Version: 11.23.3"]
[106608][1735912818199][main][info]["Main~getRemoteInitPath:: "]
[106608][1735912818348][main][info]["Main~getPlatformLaunchPerfMetrics"]
[106608][1735912818357][main][info]["Main - model-events~user - (user, bootstrapUser) received"]
[106608][1735912818357][main][info]["model-events~user - bootstrapUser received"]
[106608][1735912818443][main][info]["INTERCEPTOR CONNECTIVITY: Attempting to start websocket server on port 15611"]
[106608][1735912818871][main][info]["Main - model-events~user - (user, bootstrapUser) received"]
[106608][1735912818872][main][info]["model-events~user - bootstrapUser received"]
[106608][1735912836334][main][error]["Error while retrieving user key from keychain",{"name":"Error","message":"The name is not activatable","stack":"Error: The name is not activatable"}]
[106608][1735912850162][main][info]["WindowManager~closeHandler - Closed Window (id: 3 )"]
[106608][1735912850168][main][info]["Quitting app"]
