2025-01-08 01:22:07.647 [info] Added views:outline in workbench.view.explorer
2025-01-08 01:22:07.647 [info] Added views:workbench.view.search in workbench.view.search
2025-01-08 01:22:07.647 [info] Added views:workbench.scm in workbench.view.scm
2025-01-08 01:22:07.647 [info] Added views:workbench.panel.markers.view in workbench.panel.markers
2025-01-08 01:22:07.647 [info] Added views:workbench.panel.output in workbench.panel.output
2025-01-08 01:22:07.647 [info] Added views:terminal in terminal
2025-01-08 01:22:07.647 [info] Added views:timeline in workbench.view.explorer
2025-01-08 01:22:07.647 [info] Added views:workbench.explorer.emptyView in workbench.view.explorer
2025-01-08 01:22:07.843 [info] Added views:workbench.debug.variablesView,workbench.debug.watchExpressionsView,workbench.debug.callStackView,workbench.debug.breakPointsView in workbench.view.debug
2025-01-08 01:22:08.116 [info] Added views:gitlens.views.scm.grouped in workbench.view.scm
2025-01-08 01:22:08.116 [info] Added views:gitlens.views.commitDetails,gitlens.views.lineHistory,gitlens.views.fileHistory,gitlens.views.searchAndCompare in workbench.view.extension.gitlensInspect
2025-01-08 01:22:08.116 [info] Added views:gitlens.views.home,gitlens.views.launchpad,gitlens.views.workspaces in workbench.view.extension.gitlens
2025-01-08 01:22:08.117 [info] Added views:todo-tree-view in workbench.view.extension.todo-tree-container
2025-01-08 01:22:08.117 [info] Added views:mavenProjects in workbench.view.explorer
2025-01-08 01:22:08.334 [info] Added views:workbench.panel.repl.view in workbench.panel.repl
2025-01-08 01:22:08.335 [info] Removed views:workbench.debug.breakPointsView,workbench.debug.callStackView,workbench.debug.watchExpressionsView,workbench.debug.variablesView from workbench.view.debug
2025-01-08 01:22:08.335 [info] Added views:workbench.debug.welcome in workbench.view.debug
2025-01-08 01:22:08.530 [info] Added views:~remote.forwardedPorts in ~remote.forwardedPortsContainer
2025-01-08 01:22:09.455 [info] Removed views:gitlens.views.searchAndCompare,gitlens.views.fileHistory,gitlens.views.lineHistory,gitlens.views.commitDetails from workbench.view.extension.gitlensInspect
2025-01-08 01:22:09.456 [info] Removed views:gitlens.views.scm.grouped from workbench.view.scm
2025-01-08 01:22:09.534 [info] Added views:gitlens.views.drafts in workbench.view.extension.gitlens
2025-01-08 01:22:10.071 [info] Added views:workbench.view.testing in workbench.view.extension.test
2025-01-08 01:23:15.292 [info] Removed views:workbench.view.testing from workbench.view.extension.test
2025-01-08 01:23:15.734 [info] Added views:outline in workbench.view.explorer
2025-01-08 01:23:15.734 [info] Added views:workbench.view.search in workbench.view.search
2025-01-08 01:23:15.734 [info] Added views:workbench.scm in workbench.view.scm
2025-01-08 01:23:15.734 [info] Added views:workbench.panel.markers.view in workbench.panel.markers
2025-01-08 01:23:15.734 [info] Added views:workbench.panel.output in workbench.panel.output
2025-01-08 01:23:15.734 [info] Added views:terminal in terminal
2025-01-08 01:23:15.734 [info] Added views:timeline in workbench.view.explorer
2025-01-08 01:23:15.734 [info] Added views:workbench.explorer.fileView in workbench.view.explorer
2025-01-08 01:23:15.898 [info] Added views:workbench.debug.welcome in workbench.view.debug
2025-01-08 01:23:16.200 [info] Added views:gitlens.views.scm.grouped in workbench.view.scm
2025-01-08 01:23:16.200 [info] Added views:gitlens.views.commitDetails,gitlens.views.lineHistory,gitlens.views.fileHistory,gitlens.views.searchAndCompare in workbench.view.extension.gitlensInspect
2025-01-08 01:23:16.201 [info] Added views:gitlens.views.home,gitlens.views.launchpad,gitlens.views.workspaces in workbench.view.extension.gitlens
2025-01-08 01:23:16.201 [info] Added views:todo-tree-view in workbench.view.extension.todo-tree-container
2025-01-08 01:23:16.527 [info] Added views:workbench.panel.repl.view in workbench.panel.repl
2025-01-08 01:23:17.083 [info] Added views:~remote.forwardedPorts in ~remote.forwardedPortsContainer
2025-01-08 01:23:17.811 [info] Removed views:gitlens.views.searchAndCompare,gitlens.views.fileHistory,gitlens.views.lineHistory,gitlens.views.commitDetails from workbench.view.extension.gitlensInspect
2025-01-08 01:23:17.811 [info] Removed views:gitlens.views.scm.grouped from workbench.view.scm
2025-01-08 01:23:17.877 [info] Added views:gitlens.views.drafts in workbench.view.extension.gitlens
