2025-01-08 01:51:20.666 [info] Extension host with pid 2823 started
2025-01-08 01:51:20.666 [info] Skipping acquiring lock for /home/craacky/.config/Code/User/workspaceStorage/0aa3fe39f409cdcba3f9d46616feb32d.
2025-01-08 01:51:20.836 [info] ExtensionService#_doActivateExtension vscode.github-authentication, startup: false, activationEvent: 'onAuthenticationRequest:github'
2025-01-08 01:51:20.873 [info] ExtensionService#_doActivateExtension vscode.emmet, startup: false, activationEvent: 'onLanguage'
2025-01-08 01:51:20.895 [info] ExtensionService#_doActivateExtension vscode.configuration-editing, startup: false, activationEvent: 'onLanguage:jsonc'
2025-01-08 01:51:20.906 [info] ExtensionService#_doActivateExtension vscode.json-language-features, startup: false, activationEvent: 'onLanguage:jsonc'
2025-01-08 01:51:20.952 [info] ExtensionService#_doActivateExtension vscode.typescript-language-features, startup: false, activationEvent: 'onLanguage:jsonc'
2025-01-08 01:51:21.247 [info] ExtensionService#_doActivateExtension vscode.git-base, startup: true, activationEvent: '*', root cause: vscode.git
2025-01-08 01:51:21.252 [info] ExtensionService#_doActivateExtension formulahendry.auto-rename-tag, startup: true, activationEvent: '*'
2025-01-08 01:51:21.276 [info] ExtensionService#_doActivateExtension jeroen-meijer.pubspec-assist, startup: true, activationEvent: '*'
2025-01-08 01:51:21.309 [info] ExtensionService#_doActivateExtension mhutchie.git-graph, startup: true, activationEvent: '*'
2025-01-08 01:51:21.327 [info] ExtensionService#_doActivateExtension nickdodd79.gulptasks, startup: true, activationEvent: '*'
2025-01-08 01:51:21.502 [info] ExtensionService#_doActivateExtension vscode.git, startup: true, activationEvent: '*'
2025-01-08 01:51:21.559 [info] ExtensionService#_doActivateExtension vscode.github, startup: true, activationEvent: '*'
2025-01-08 01:51:21.672 [info] Eager extensions activated
2025-01-08 01:51:21.714 [info] ExtensionService#_doActivateExtension vscode.debug-auto-launch, startup: false, activationEvent: 'onStartupFinished'
2025-01-08 01:51:21.716 [info] ExtensionService#_doActivateExtension vscode.merge-conflict, startup: false, activationEvent: 'onStartupFinished'
2025-01-08 01:51:21.746 [info] ExtensionService#_doActivateExtension Catppuccin.catppuccin-vsc, startup: false, activationEvent: 'onStartupFinished'
2025-01-08 01:51:21.752 [info] ExtensionService#_doActivateExtension Catppuccin.catppuccin-vsc-icons, startup: false, activationEvent: 'onStartupFinished'
2025-01-08 01:51:21.818 [info] ExtensionService#_doActivateExtension dbaeumer.vscode-eslint, startup: false, activationEvent: 'onStartupFinished'
2025-01-08 01:51:21.851 [info] ExtensionService#_doActivateExtension eamodio.gitlens, startup: false, activationEvent: 'onStartupFinished'
2025-01-08 01:51:21.975 [info] ExtensionService#_doActivateExtension Equinusocio.vsc-material-theme, startup: false, activationEvent: 'onStartupFinished'
2025-01-08 01:51:21.987 [info] ExtensionService#_doActivateExtension equinusocio.vsc-material-theme-icons, startup: false, activationEvent: 'onStartupFinished'
2025-01-08 01:51:22.037 [info] ExtensionService#_doActivateExtension esbenp.prettier-vscode, startup: false, activationEvent: 'onStartupFinished'
2025-01-08 01:51:22.108 [info] ExtensionService#_doActivateExtension Gruntfuggly.todo-tree, startup: false, activationEvent: 'onStartupFinished'
2025-01-08 01:51:22.143 [info] ExtensionService#_doActivateExtension ms-dotnettools.vscode-dotnet-runtime, startup: false, activationEvent: 'onStartupFinished'
2025-01-08 01:51:22.200 [info] ExtensionService#_doActivateExtension naumovs.color-highlight, startup: false, activationEvent: 'onStartupFinished'
2025-01-08 01:51:22.206 [info] ExtensionService#_doActivateExtension PKief.material-icon-theme, startup: false, activationEvent: 'onStartupFinished'
2025-01-08 01:51:22.217 [info] ExtensionService#_doActivateExtension usernamehw.errorlens, startup: false, activationEvent: 'onStartupFinished'
2025-01-08 01:51:22.223 [info] ExtensionService#_doActivateExtension vscode-icons-team.vscode-icons, startup: false, activationEvent: 'onStartupFinished'
2025-01-08 01:55:50.743 [info] Extension host terminating: renderer closed the MessagePort
2025-01-08 01:55:50.768 [error] An error occurred when disposing the subscriptions for extension 'Gruntfuggly.todo-tree':
2025-01-08 01:55:50.769 [error] AggregateError: Encountered errors while disposing of store
    at ai (file:///opt/visual-studio-code/resources/app/out/vs/workbench/api/node/extensionHostProcess.js:25:775)
    at file:///opt/visual-studio-code/resources/app/out/vs/workbench/api/node/extensionHostProcess.js:119:14992
    at file:///opt/visual-studio-code/resources/app/out/vs/workbench/api/node/extensionHostProcess.js:25:1009
    at Object.dispose (file:///opt/visual-studio-code/resources/app/out/vs/workbench/api/node/extensionHostProcess.js:8:705)
    at zz.eb (file:///opt/visual-studio-code/resources/app/out/vs/workbench/api/node/extensionHostProcess.js:119:11919)
    at file:///opt/visual-studio-code/resources/app/out/vs/workbench/api/node/extensionHostProcess.js:119:9874
    at Array.map (<anonymous>)
    at zz.$ (file:///opt/visual-studio-code/resources/app/out/vs/workbench/api/node/extensionHostProcess.js:119:9862)
    at zz.terminate (file:///opt/visual-studio-code/resources/app/out/vs/workbench/api/node/extensionHostProcess.js:119:10105)
    at QC.terminate (file:///opt/visual-studio-code/resources/app/out/vs/workbench/api/node/extensionHostProcess.js:120:1424)
    at Zi (file:///opt/visual-studio-code/resources/app/out/vs/workbench/api/node/extensionHostProcess.js:175:15080)
    at MessagePortMain.<anonymous> (file:///opt/visual-studio-code/resources/app/out/vs/workbench/api/node/extensionHostProcess.js:175:11628)
    at MessagePortMain.emit (node:events:518:28)
    at Object.MessagePortMain._internalPort.emit (node:electron/js2c/utility_init:2:2949)
2025-01-08 01:55:50.780 [error] Canceled: Canceled
    at new IT (file:///opt/visual-studio-code/resources/app/out/vs/workbench/api/node/extensionHostProcess.js:32:110702)
    at Dy.U (file:///opt/visual-studio-code/resources/app/out/vs/workbench/api/node/extensionHostProcess.js:32:115312)
    at Proxy.s.<computed>.n.charCodeAt.s.<computed> (file:///opt/visual-studio-code/resources/app/out/vs/workbench/api/node/extensionHostProcess.js:32:112806)
    at cw.g (file:///opt/visual-studio-code/resources/app/out/vs/workbench/api/node/extensionHostProcess.js:115:32313)
    at cw.executeCommand (file:///opt/visual-studio-code/resources/app/out/vs/workbench/api/node/extensionHostProcess.js:115:31817)
    at r.registerCommand.description (file:///opt/visual-studio-code/resources/app/out/vs/workbench/api/node/extensionHostProcess.js:115:31147)
    at cw.h (file:///opt/visual-studio-code/resources/app/out/vs/workbench/api/node/extensionHostProcess.js:115:32833)
    at cw.g (file:///opt/visual-studio-code/resources/app/out/vs/workbench/api/node/extensionHostProcess.js:115:31910)
    at cw.executeCommand (file:///opt/visual-studio-code/resources/app/out/vs/workbench/api/node/extensionHostProcess.js:115:31817)
    at Object.executeCommand (file:///opt/visual-studio-code/resources/app/out/vs/workbench/api/node/extensionHostProcess.js:157:37484)
    at f (/home/craacky/.vscode/extensions/eamodio.gitlens-16.1.1/dist/gitlens.js:1485:14138)
    at c (/home/craacky/.vscode/extensions/eamodio.gitlens-16.1.1/dist/gitlens.js:1485:18699)
    at ActionRunners._updateContextKeys (/home/craacky/.vscode/extensions/eamodio.gitlens-16.1.1/dist/gitlens.js:1104:69975)
    at s (/home/craacky/.vscode/extensions/eamodio.gitlens-16.1.1/dist/gitlens.js:1104:68419)
    at RegisteredActionRunner.unregister (/home/craacky/.vscode/extensions/eamodio.gitlens-16.1.1/dist/gitlens.js:1104:68562)
    at RegisteredActionRunner.dispose (/home/craacky/.vscode/extensions/eamodio.gitlens-16.1.1/dist/gitlens.js:1104:67229)
    at ActionRunners.dispose (/home/craacky/.vscode/extensions/eamodio.gitlens-16.1.1/dist/gitlens.js:1104:68002)
    at /home/craacky/.vscode/extensions/eamodio.gitlens-16.1.1/dist/gitlens.js:1429:14976
    at Array.forEach (<anonymous>)
    at Object.dispose (/home/craacky/.vscode/extensions/eamodio.gitlens-16.1.1/dist/gitlens.js:1429:14958)
    at ai (file:///opt/visual-studio-code/resources/app/out/vs/workbench/api/node/extensionHostProcess.js:25:699)
    at file:///opt/visual-studio-code/resources/app/out/vs/workbench/api/node/extensionHostProcess.js:119:14992
    at file:///opt/visual-studio-code/resources/app/out/vs/workbench/api/node/extensionHostProcess.js:25:1009
    at Object.dispose (file:///opt/visual-studio-code/resources/app/out/vs/workbench/api/node/extensionHostProcess.js:8:705)
    at zz.eb (file:///opt/visual-studio-code/resources/app/out/vs/workbench/api/node/extensionHostProcess.js:119:11919)
    at file:///opt/visual-studio-code/resources/app/out/vs/workbench/api/node/extensionHostProcess.js:119:9874
    at Array.map (<anonymous>)
    at zz.$ (file:///opt/visual-studio-code/resources/app/out/vs/workbench/api/node/extensionHostProcess.js:119:9862)
    at zz.terminate (file:///opt/visual-studio-code/resources/app/out/vs/workbench/api/node/extensionHostProcess.js:119:10105)
    at QC.terminate (file:///opt/visual-studio-code/resources/app/out/vs/workbench/api/node/extensionHostProcess.js:120:1424)
    at Zi (file:///opt/visual-studio-code/resources/app/out/vs/workbench/api/node/extensionHostProcess.js:175:15080)
    at MessagePortMain.<anonymous> (file:///opt/visual-studio-code/resources/app/out/vs/workbench/api/node/extensionHostProcess.js:175:11628)
    at MessagePortMain.emit (node:events:518:28)
    at Object.MessagePortMain._internalPort.emit (node:electron/js2c/utility_init:2:2949) setContext undefined
2025-01-08 01:55:50.781 [error] Canceled: Canceled
    at new IT (file:///opt/visual-studio-code/resources/app/out/vs/workbench/api/node/extensionHostProcess.js:32:110702)
    at Dy.U (file:///opt/visual-studio-code/resources/app/out/vs/workbench/api/node/extensionHostProcess.js:32:115312)
    at Proxy.s.<computed>.n.charCodeAt.s.<computed> (file:///opt/visual-studio-code/resources/app/out/vs/workbench/api/node/extensionHostProcess.js:32:112806)
    at cw.g (file:///opt/visual-studio-code/resources/app/out/vs/workbench/api/node/extensionHostProcess.js:115:32313)
    at cw.executeCommand (file:///opt/visual-studio-code/resources/app/out/vs/workbench/api/node/extensionHostProcess.js:115:31817)
    at r.registerCommand.description (file:///opt/visual-studio-code/resources/app/out/vs/workbench/api/node/extensionHostProcess.js:115:31147)
    at cw.h (file:///opt/visual-studio-code/resources/app/out/vs/workbench/api/node/extensionHostProcess.js:115:32833)
    at cw.g (file:///opt/visual-studio-code/resources/app/out/vs/workbench/api/node/extensionHostProcess.js:115:31910)
    at cw.executeCommand (file:///opt/visual-studio-code/resources/app/out/vs/workbench/api/node/extensionHostProcess.js:115:31817)
    at Object.executeCommand (file:///opt/visual-studio-code/resources/app/out/vs/workbench/api/node/extensionHostProcess.js:157:37484)
    at f (/home/craacky/.vscode/extensions/eamodio.gitlens-16.1.1/dist/gitlens.js:1485:14138)
    at c (/home/craacky/.vscode/extensions/eamodio.gitlens-16.1.1/dist/gitlens.js:1485:18699)
    at ActionRunners._updateContextKeys (/home/craacky/.vscode/extensions/eamodio.gitlens-16.1.1/dist/gitlens.js:1104:69975)
    at s (/home/craacky/.vscode/extensions/eamodio.gitlens-16.1.1/dist/gitlens.js:1104:68419)
    at RegisteredActionRunner.unregister (/home/craacky/.vscode/extensions/eamodio.gitlens-16.1.1/dist/gitlens.js:1104:68562)
    at RegisteredActionRunner.dispose (/home/craacky/.vscode/extensions/eamodio.gitlens-16.1.1/dist/gitlens.js:1104:67229)
    at ActionRunners.dispose (/home/craacky/.vscode/extensions/eamodio.gitlens-16.1.1/dist/gitlens.js:1104:68002)
    at /home/craacky/.vscode/extensions/eamodio.gitlens-16.1.1/dist/gitlens.js:1429:14976
    at Array.forEach (<anonymous>)
    at Object.dispose (/home/craacky/.vscode/extensions/eamodio.gitlens-16.1.1/dist/gitlens.js:1429:14958)
    at ai (file:///opt/visual-studio-code/resources/app/out/vs/workbench/api/node/extensionHostProcess.js:25:699)
    at file:///opt/visual-studio-code/resources/app/out/vs/workbench/api/node/extensionHostProcess.js:119:14992
    at file:///opt/visual-studio-code/resources/app/out/vs/workbench/api/node/extensionHostProcess.js:25:1009
    at Object.dispose (file:///opt/visual-studio-code/resources/app/out/vs/workbench/api/node/extensionHostProcess.js:8:705)
    at zz.eb (file:///opt/visual-studio-code/resources/app/out/vs/workbench/api/node/extensionHostProcess.js:119:11919)
    at file:///opt/visual-studio-code/resources/app/out/vs/workbench/api/node/extensionHostProcess.js:119:9874
    at Array.map (<anonymous>)
    at zz.$ (file:///opt/visual-studio-code/resources/app/out/vs/workbench/api/node/extensionHostProcess.js:119:9862)
    at zz.terminate (file:///opt/visual-studio-code/resources/app/out/vs/workbench/api/node/extensionHostProcess.js:119:10105)
    at QC.terminate (file:///opt/visual-studio-code/resources/app/out/vs/workbench/api/node/extensionHostProcess.js:120:1424)
    at Zi (file:///opt/visual-studio-code/resources/app/out/vs/workbench/api/node/extensionHostProcess.js:175:15080)
    at MessagePortMain.<anonymous> (file:///opt/visual-studio-code/resources/app/out/vs/workbench/api/node/extensionHostProcess.js:175:11628)
    at MessagePortMain.emit (node:events:518:28)
    at Object.MessagePortMain._internalPort.emit (node:electron/js2c/utility_init:2:2949) setContext undefined
2025-01-08 01:55:50.783 [error] Canceled: Canceled
    at new IT (file:///opt/visual-studio-code/resources/app/out/vs/workbench/api/node/extensionHostProcess.js:32:110702)
    at Dy.U (file:///opt/visual-studio-code/resources/app/out/vs/workbench/api/node/extensionHostProcess.js:32:115312)
    at Proxy.s.<computed>.n.charCodeAt.s.<computed> (file:///opt/visual-studio-code/resources/app/out/vs/workbench/api/node/extensionHostProcess.js:32:112806)
    at cw.g (file:///opt/visual-studio-code/resources/app/out/vs/workbench/api/node/extensionHostProcess.js:115:32313)
    at cw.executeCommand (file:///opt/visual-studio-code/resources/app/out/vs/workbench/api/node/extensionHostProcess.js:115:31817)
    at r.registerCommand.description (file:///opt/visual-studio-code/resources/app/out/vs/workbench/api/node/extensionHostProcess.js:115:31147)
    at cw.h (file:///opt/visual-studio-code/resources/app/out/vs/workbench/api/node/extensionHostProcess.js:115:32833)
    at cw.g (file:///opt/visual-studio-code/resources/app/out/vs/workbench/api/node/extensionHostProcess.js:115:31910)
    at cw.executeCommand (file:///opt/visual-studio-code/resources/app/out/vs/workbench/api/node/extensionHostProcess.js:115:31817)
    at Object.executeCommand (file:///opt/visual-studio-code/resources/app/out/vs/workbench/api/node/extensionHostProcess.js:157:37484)
    at f (/home/craacky/.vscode/extensions/eamodio.gitlens-16.1.1/dist/gitlens.js:1485:14138)
    at c (/home/craacky/.vscode/extensions/eamodio.gitlens-16.1.1/dist/gitlens.js:1485:18699)
    at ActionRunners._updateContextKeys (/home/craacky/.vscode/extensions/eamodio.gitlens-16.1.1/dist/gitlens.js:1104:69975)
    at s (/home/craacky/.vscode/extensions/eamodio.gitlens-16.1.1/dist/gitlens.js:1104:68419)
    at RegisteredActionRunner.unregister (/home/craacky/.vscode/extensions/eamodio.gitlens-16.1.1/dist/gitlens.js:1104:68562)
    at RegisteredActionRunner.dispose (/home/craacky/.vscode/extensions/eamodio.gitlens-16.1.1/dist/gitlens.js:1104:67229)
    at ActionRunners.dispose (/home/craacky/.vscode/extensions/eamodio.gitlens-16.1.1/dist/gitlens.js:1104:68002)
    at /home/craacky/.vscode/extensions/eamodio.gitlens-16.1.1/dist/gitlens.js:1429:14976
    at Array.forEach (<anonymous>)
    at Object.dispose (/home/craacky/.vscode/extensions/eamodio.gitlens-16.1.1/dist/gitlens.js:1429:14958)
    at ai (file:///opt/visual-studio-code/resources/app/out/vs/workbench/api/node/extensionHostProcess.js:25:699)
    at file:///opt/visual-studio-code/resources/app/out/vs/workbench/api/node/extensionHostProcess.js:119:14992
    at file:///opt/visual-studio-code/resources/app/out/vs/workbench/api/node/extensionHostProcess.js:25:1009
    at Object.dispose (file:///opt/visual-studio-code/resources/app/out/vs/workbench/api/node/extensionHostProcess.js:8:705)
    at zz.eb (file:///opt/visual-studio-code/resources/app/out/vs/workbench/api/node/extensionHostProcess.js:119:11919)
    at file:///opt/visual-studio-code/resources/app/out/vs/workbench/api/node/extensionHostProcess.js:119:9874
    at Array.map (<anonymous>)
    at zz.$ (file:///opt/visual-studio-code/resources/app/out/vs/workbench/api/node/extensionHostProcess.js:119:9862)
    at zz.terminate (file:///opt/visual-studio-code/resources/app/out/vs/workbench/api/node/extensionHostProcess.js:119:10105)
    at QC.terminate (file:///opt/visual-studio-code/resources/app/out/vs/workbench/api/node/extensionHostProcess.js:120:1424)
    at Zi (file:///opt/visual-studio-code/resources/app/out/vs/workbench/api/node/extensionHostProcess.js:175:15080)
    at MessagePortMain.<anonymous> (file:///opt/visual-studio-code/resources/app/out/vs/workbench/api/node/extensionHostProcess.js:175:11628)
    at MessagePortMain.emit (node:events:518:28)
    at Object.MessagePortMain._internalPort.emit (node:electron/js2c/utility_init:2:2949) setContext undefined
2025-01-08 01:55:50.785 [info] Extension host with pid 2823 exiting with code 0
