2025-01-08 01:29:40.985 [info] Reading sessions from keychain...
2025-01-08 01:29:40.985 [info] Getting sessions for all scopes...
2025-01-08 01:29:40.985 [info] Getting sessions for all scopes...
2025-01-08 01:29:40.987 [info] Getting sessions for all scopes...
2025-01-08 01:29:40.987 [info] Getting sessions for all scopes...
2025-01-08 01:29:40.987 [info] Getting sessions for all scopes...
2025-01-08 01:29:40.987 [info] Getting sessions for all scopes...
2025-01-08 01:29:40.987 [info] Getting sessions for all scopes...
2025-01-08 01:29:40.999 [info] Got stored sessions!
2025-01-08 01:29:41.001 [info] Got 1 verified sessions.
2025-01-08 01:29:41.001 [info] Got 1 sessions for ...
2025-01-08 01:29:41.001 [info] Got 1 sessions for ...
2025-01-08 01:29:41.001 [info] Got 1 sessions for ...
2025-01-08 01:29:41.001 [info] Got 1 sessions for ...
2025-01-08 01:29:41.001 [info] Got 1 sessions for ...
2025-01-08 01:29:41.001 [info] Got 1 sessions for ...
2025-01-08 01:29:41.001 [info] Got 1 sessions for ...
2025-01-08 01:29:41.026 [info] Getting sessions for all scopes...
2025-01-08 01:29:41.026 [info] Got 1 sessions for ...
2025-01-08 01:29:41.354 [info] Getting sessions for user:email...
2025-01-08 01:29:41.354 [info] Got 1 sessions for user:email...
2025-01-08 01:29:42.354 [info] Getting sessions for read:user,repo,user:email...
2025-01-08 01:29:42.354 [info] Got 0 sessions for read:user,repo,user:email...
2025-01-08 01:29:42.692 [info] Getting sessions for all scopes...
2025-01-08 01:29:42.692 [info] Got 1 sessions for ...
