2025-01-08 01:51:21.116 [info] Reading sessions from keychain...
2025-01-08 01:51:21.116 [info] Getting sessions for all scopes...
2025-01-08 01:51:21.116 [info] Getting sessions for all scopes...
2025-01-08 01:51:21.135 [info] Getting sessions for all scopes...
2025-01-08 01:51:21.135 [info] Getting sessions for all scopes...
2025-01-08 01:51:21.135 [info] Getting sessions for all scopes...
2025-01-08 01:51:21.135 [info] Getting sessions for all scopes...
2025-01-08 01:51:21.135 [info] Getting sessions for all scopes...
2025-01-08 01:51:21.159 [info] Got stored sessions!
2025-01-08 01:51:21.160 [info] Got 1 verified sessions.
2025-01-08 01:51:21.160 [info] Got 1 sessions for ...
2025-01-08 01:51:21.160 [info] Got 1 sessions for ...
2025-01-08 01:51:21.160 [info] Got 1 sessions for ...
2025-01-08 01:51:21.160 [info] Got 1 sessions for ...
2025-01-08 01:51:21.160 [info] Got 1 sessions for ...
2025-01-08 01:51:21.160 [info] Got 1 sessions for ...
2025-01-08 01:51:21.160 [info] Got 1 sessions for ...
2025-01-08 01:51:21.476 [info] Getting sessions for all scopes...
2025-01-08 01:51:21.476 [info] Got 1 sessions for ...
2025-01-08 01:51:21.588 [info] Getting sessions for user:email...
2025-01-08 01:51:21.588 [info] Got 1 sessions for user:email...
2025-01-08 01:51:22.523 [info] Getting sessions for read:user,repo,user:email...
2025-01-08 01:51:22.523 [info] Got 0 sessions for read:user,repo,user:email...
2025-01-08 01:51:22.864 [info] Getting sessions for all scopes...
2025-01-08 01:51:22.864 [info] Got 1 sessions for ...
